  uistart.cpp
  uipause.cpp
  uiend.cpp
  ui.cpp
c:\users\2000n\onedrive\デスクトップ\制作物\teamd\チームα\チームα\ui.cpp(274): warning C4244: '=': 'float' から 'int' への変換です。データが失われる可能性があります。
  tutorial.cpp
  titlelogo.cpp
  title.cpp
  time.cpp
c:\users\2000n\onedrive\デスクトップ\制作物\teamd\チームα\チームα\time.cpp(61): warning C4244: '=': 'float' から 'int' への変換です。データが失われる可能性があります。
c:\users\2000n\onedrive\デスクトップ\制作物\teamd\チームα\チームα\time.cpp(171): warning C4244: '引数': 'int' から 'float' への変換です。データが失われる可能性があります。
c:\users\2000n\onedrive\デスクトップ\制作物\teamd\チームα\チームα\time.cpp(171): warning C4244: '引数': 'float' から 'int' への変換です。データが失われる可能性があります。
  splash.cpp
  sound.cpp
  smoke.cpp
  shock.cpp
  shape.cpp
  shader.cpp
  sea.cpp
  scene3D.cpp
  scene2d.cpp
c:\users\2000n\onedrive\デスクトップ\制作物\teamd\チームα\チームα\scene2d.cpp(227): warning C4244: '引数': 'double' から 'float' への変換です。データが失われる可能性があります。
  scene.cpp
  sand.cpp
  result.cpp
  コードを生成中...
  コンパイル中...
  renderer.cpp
  polygon.cpp
  player.cpp
  pause.cpp
  particle.cpp
  number.cpp
  modelanime.cpp
  model.cpp
  missile.cpp
  meshfield.cpp
  manager.cpp
  main.cpp
  locus.cpp
  lockon.cpp
  light.cpp
  life.cpp
  laser.cpp
  keyboard.cpp
  joypad.cpp
c:\users\2000n\onedrive\デスクトップ\制作物\teamd\チームα\チームα\joypad.cpp(58): warning C4311: '型キャスト': ポインターを 'HRESULT *' から 'HRESULT' へ切り詰めます。
c:\users\2000n\onedrive\デスクトップ\制作物\teamd\チームα\チームα\joypad.cpp(58): warning C4302: '型キャスト': 'HRESULT *' から 'HRESULT' へ切り詰めます。
  input.cpp
  コードを生成中...
  コンパイル中...
  gauge.cpp
  game.cpp
c:\users\2000n\onedrive\デスクトップ\制作物\teamd\チームα\チームα\game.cpp(127): warning C4305: '引数': 'double' から 'FLOAT' へ切り詰めます。
c:\users\2000n\onedrive\デスクトップ\制作物\teamd\チームα\チームα\game.cpp(128): warning C4305: '引数': 'double' から 'FLOAT' へ切り詰めます。
  fire.cpp
c:\users\2000n\onedrive\デスクトップ\制作物\teamd\チームα\チームα\fire.cpp(54): warning C4244: '引数': 'int' から 'FLOAT' への変換です。データが失われる可能性があります。
  fade.cpp
  explosion.cpp
  effect.cpp
  continue.cpp
c:\users\2000n\onedrive\デスクトップ\制作物\teamd\チームα\チームα\continue.cpp(226): warning C4244: '引数': 'int' から 'float' への変換です。データが失われる可能性があります。
c:\users\2000n\onedrive\デスクトップ\制作物\teamd\チームα\チームα\continue.cpp(226): warning C4244: '引数': 'float' から 'int' への変換です。データが失われる可能性があります。
  charge.cpp
  camera.cpp
c:\users\2000n\onedrive\デスクトップ\制作物\teamd\チームα\チームα\camera.cpp(422): warning C4305: '引数': 'double' から 'FLOAT' へ切り詰めます。
c:\users\2000n\onedrive\デスクトップ\制作物\teamd\チームα\チームα\camera.cpp(423): warning C4305: '引数': 'double' から 'FLOAT' へ切り詰めます。
c:\users\2000n\onedrive\デスクトップ\制作物\teamd\チームα\チームα\camera.cpp(478): warning C4305: '引数': 'double' から 'FLOAT' へ切り詰めます。
c:\users\2000n\onedrive\デスクトップ\制作物\teamd\チームα\チームα\camera.cpp(479): warning C4305: '引数': 'double' から 'FLOAT' へ切り詰めます。
  bullet2.cpp
  bullet.cpp
  boost.cpp
  bomb.cpp
c:\users\2000n\onedrive\デスクトップ\制作物\teamd\チームα\チームα\bomb.cpp(56): warning C4244: '=': 'float' から 'int' への変換です。データが失われる可能性があります。
c:\users\2000n\onedrive\デスクトップ\制作物\teamd\チームα\チームα\bomb.cpp(166): warning C4244: '+=': 'float' から 'int' への変換です。データが失われる可能性があります。
  billboard.cpp
c:\users\2000n\onedrive\デスクトップ\制作物\teamd\チームα\チームα\billboard.cpp(141): warning C4101: 'ambient': ローカル変数は 1 度も使われていません。
  bill.cpp
  bg.cpp
  beam.cpp
  2d_explosion.cpp
  コードを生成中...
  チームα.vcxproj -> C:\Users\2000n\OneDrive\デスクトップ\制作物\TeamD\チームα\x64\Debug\チームα.exe
  チームα.vcxproj -> C:\Users\2000n\OneDrive\デスクトップ\制作物\TeamD\チームα\x64\Debug\チームα.pdb (Full PDB)
