  title.cpp
  time.cpp
c:\users\student\desktop\マージ用フォルダ\マージ\project\チームα\チームα\time.cpp(133): warning C4244: '引数': 'int' から 'float' への変換です。データが失われる可能性があります。
c:\users\student\desktop\マージ用フォルダ\マージ\project\チームα\チームα\time.cpp(133): warning C4244: '引数': 'float' から 'int' への変換です。データが失われる可能性があります。
  tcp_client.cpp
  shader.cpp
  scene3D.cpp
  scene2d.cpp
  scene.cpp
  result.cpp
  renderer.cpp
  polygon.cpp
  player.cpp
  number.cpp
  model.cpp
  meshfield.cpp
  manager.cpp
  main.cpp
  light.cpp
  life.cpp
  keyboard.cpp
  joypad.cpp
  コードを生成中...
  コンパイル中...
  input.cpp
  gauge.cpp
  game.cpp
  fade.cpp
  conection.cpp
  camera.cpp
  bullet.cpp
  board.cpp
  billboard.cpp
  bg.cpp
  コードを生成中...
  チームα.vcxproj -> C:\Users\student\Desktop\マージ用フォルダ\マージ\Project\チームα\Debug\チームα.exe
  チームα.vcxproj -> C:\Users\student\Desktop\マージ用フォルダ\マージ\Project\チームα\Debug\チームα.pdb (Full PDB)
